c:\users\fsps6\onedrive - csie.ntu.edu.tw\sync\visual c++ code\csrt\build\playground.dir\release\gravel.obj
c:\users\fsps6\onedrive - csie.ntu.edu.tw\sync\visual c++ code\csrt\build\playground.dir\release\pod_tracks.obj
c:\users\fsps6\onedrive - csie.ntu.edu.tw\sync\visual c++ code\csrt\build\playground.dir\release\light.obj
c:\users\fsps6\onedrive - csie.ntu.edu.tw\sync\visual c++ code\csrt\build\playground.dir\release\objloader.obj
c:\users\fsps6\onedrive - csie.ntu.edu.tw\sync\visual c++ code\csrt\build\playground.dir\release\blocks.obj
c:\users\fsps6\onedrive - csie.ntu.edu.tw\sync\visual c++ code\csrt\build\playground.dir\release\aabb.obj
c:\users\fsps6\onedrive - csie.ntu.edu.tw\sync\visual c++ code\csrt\build\playground.dir\release\bvh_node.obj
c:\users\fsps6\onedrive - csie.ntu.edu.tw\sync\visual c++ code\csrt\build\playground.dir\release\shader.obj
c:\users\fsps6\onedrive - csie.ntu.edu.tw\sync\visual c++ code\csrt\build\playground.dir\release\playground.obj
c:\users\fsps6\onedrive - csie.ntu.edu.tw\sync\visual c++ code\csrt\build\playground.dir\release\pod_propeller_blade.obj
c:\users\fsps6\onedrive - csie.ntu.edu.tw\sync\visual c++ code\csrt\build\playground.dir\release\gl_check_error.obj
c:\users\fsps6\onedrive - csie.ntu.edu.tw\sync\visual c++ code\csrt\build\playground.dir\release\matrix_d.obj
c:\users\fsps6\onedrive - csie.ntu.edu.tw\sync\visual c++ code\csrt\build\playground.dir\release\visible_object.obj
c:\users\fsps6\onedrive - csie.ntu.edu.tw\sync\visual c++ code\csrt\build\playground.dir\release\pod.obj
c:\users\fsps6\onedrive - csie.ntu.edu.tw\sync\visual c++ code\csrt\build\playground.dir\release\pod_tracks_gear.obj
c:\users\fsps6\onedrive - csie.ntu.edu.tw\sync\visual c++ code\csrt\build\playground.dir\release\camera.obj
c:\users\fsps6\onedrive - csie.ntu.edu.tw\sync\visual c++ code\csrt\build\playground.dir\release\mylib.obj
c:\users\fsps6\onedrive - csie.ntu.edu.tw\sync\visual c++ code\csrt\build\playground.dir\release\pod_body.obj
c:\users\fsps6\onedrive - csie.ntu.edu.tw\sync\visual c++ code\csrt\build\playground.dir\release\pod_tracks_tooth.obj
c:\users\fsps6\onedrive - csie.ntu.edu.tw\sync\visual c++ code\csrt\build\playground.dir\release\gpu.obj
c:\users\fsps6\onedrive - csie.ntu.edu.tw\sync\visual c++ code\csrt\build\playground.dir\release\pod_drill.obj
c:\users\fsps6\onedrive - csie.ntu.edu.tw\sync\visual c++ code\csrt\build\playground.dir\release\pod_propeller_bladeset.obj
c:\users\fsps6\onedrive - csie.ntu.edu.tw\sync\visual c++ code\csrt\build\playground.dir\release\game.obj
c:\users\fsps6\onedrive - csie.ntu.edu.tw\sync\visual c++ code\csrt\build\playground.dir\release\rigid_body.obj
c:\users\fsps6\onedrive - csie.ntu.edu.tw\sync\visual c++ code\csrt\build\playground.dir\release\block.obj
c:\users\fsps6\onedrive - csie.ntu.edu.tw\sync\visual c++ code\csrt\build\playground.dir\release\pod_drill_blade.obj
c:\users\fsps6\onedrive - csie.ntu.edu.tw\sync\visual c++ code\csrt\build\playground.dir\release\environment.obj
c:\users\fsps6\onedrive - csie.ntu.edu.tw\sync\visual c++ code\csrt\build\playground.dir\release\triangle.obj
c:\users\fsps6\onedrive - csie.ntu.edu.tw\sync\visual c++ code\csrt\build\playground.dir\release\fume.obj
c:\users\fsps6\onedrive - csie.ntu.edu.tw\sync\visual c++ code\csrt\build\playground.dir\release\pod_propeller.obj
c:\users\fsps6\onedrive - csie.ntu.edu.tw\sync\visual c++ code\csrt\build\playground.dir\release\material.obj
c:\users\fsps6\onedrive - csie.ntu.edu.tw\sync\visual c++ code\csrt\build\cmakefiles\generate.stamp
c:\users\fsps6\onedrive - csie.ntu.edu.tw\sync\visual c++ code\csrt\build\release\playground.exe
c:\users\fsps6\onedrive - csie.ntu.edu.tw\sync\visual c++ code\csrt\build\playground.dir\release\playground.tlog\cl.11940.write.1.tlog
c:\users\fsps6\onedrive - csie.ntu.edu.tw\sync\visual c++ code\csrt\build\playground.dir\release\playground.tlog\cl.command.1.tlog
c:\users\fsps6\onedrive - csie.ntu.edu.tw\sync\visual c++ code\csrt\build\playground.dir\release\playground.tlog\cl.read.1.tlog
c:\users\fsps6\onedrive - csie.ntu.edu.tw\sync\visual c++ code\csrt\build\playground.dir\release\playground.tlog\custombuild.command.1.tlog
c:\users\fsps6\onedrive - csie.ntu.edu.tw\sync\visual c++ code\csrt\build\playground.dir\release\playground.tlog\custombuild.read.1.tlog
c:\users\fsps6\onedrive - csie.ntu.edu.tw\sync\visual c++ code\csrt\build\playground.dir\release\playground.tlog\custombuild.write.1.tlog
c:\users\fsps6\onedrive - csie.ntu.edu.tw\sync\visual c++ code\csrt\build\playground.dir\release\playground.tlog\link.command.1.tlog
c:\users\fsps6\onedrive - csie.ntu.edu.tw\sync\visual c++ code\csrt\build\playground.dir\release\playground.tlog\link.read.1.tlog
c:\users\fsps6\onedrive - csie.ntu.edu.tw\sync\visual c++ code\csrt\build\playground.dir\release\playground.tlog\link.write.1.tlog
