Performing C SOURCE FILE Test CMAKE_HAVE_LIBC_PTHREAD failed with the following output:
Change Dir: C:/Users/fsps6/OneDrive - csie.ntu.edu.tw/Sync/Visual C++ Code/CSRT/build/CMakeFiles/CMakeScratch/TryCompile-0ouy1z

Run Build Command(s):C:/Program Files/Microsoft Visual Studio/2022/Community/MSBuild/Current/Bin/amd64/MSBuild.exe cmTC_988d0.vcxproj /p:Configuration=Debug /p:Platform=x64 /p:VisualStudioVersion=17.0 /v:m && MSBuild version 17.4.0+18d5aef85 for .NET Framework
  Microsoft (R) C/C++ Optimizing Compiler Version 19.34.31933 for x64
  Copyright (C) Microsoft Corporation.  All rights reserved.
  src.c
  cl /c /Zi /W3 /WX- /diagnostics:column /Od /Ob0 /D _MBCS /D WIN32 /D _WINDOWS /D CMAKE_HAVE_LIBC_PTHREAD /D "CMAKE_INTDIR=\"Debug\"" /Gm- /RTC1 /MDd /GS /fp:precise /Zc:wchar_t /Zc:forScope /Zc:inline /Fo"cmTC_988d0.dir\Debug\\" /Fd"cmTC_988d0.dir\Debug\vc143.pdb" /external:W3 /Gd /TC /errorReport:queue "C:\Users\fsps6\OneDrive - csie.ntu.edu.tw\Sync\Visual C++ Code\CSRT\build\CMakeFiles\CMakeScratch\TryCompile-0ouy1z\src.c"
C:\Users\fsps6\OneDrive - csie.ntu.edu.tw\Sync\Visual C++ Code\CSRT\build\CMakeFiles\CMakeScratch\TryCompile-0ouy1z\src.c(1,10): fatal  error C1083: Cannot open include file: 'pthread.h': No such file or directory [C:\Users\fsps6\OneDrive - csie.ntu.edu.tw\Sync\Visual C++ Code\CSRT\build\CMakeFiles\CMakeScratch\TryCompile-0ouy1z\cmTC_988d0.vcxproj]


Source file was:
#include <pthread.h>

static void* test_func(void* data)
{
  return data;
}

int main(void)
{
  pthread_t thread;
  pthread_create(&thread, NULL, test_func, NULL);
  pthread_detach(thread);
  pthread_cancel(thread);
  pthread_join(thread, NULL);
  pthread_atfork(NULL, NULL, NULL);
  pthread_exit(NULL);

  return 0;
}


Determining if the function pthread_create exists in the pthreads failed with the following output:
Change Dir: C:/Users/fsps6/OneDrive - csie.ntu.edu.tw/Sync/Visual C++ Code/CSRT/build/CMakeFiles/CMakeScratch/TryCompile-vfl1hz

Run Build Command(s):C:/Program Files/Microsoft Visual Studio/2022/Community/MSBuild/Current/Bin/amd64/MSBuild.exe cmTC_aaf2e.vcxproj /p:Configuration=Debug /p:Platform=x64 /p:VisualStudioVersion=17.0 /v:m && MSBuild version 17.4.0+18d5aef85 for .NET Framework
  Microsoft (R) C/C++ Optimizing Compiler Version 19.34.31933 for x64
  CheckFunctionExists.c
  Copyright (C) Microsoft Corporation.  All rights reserved.
  cl /c /Zi /W3 /WX- /diagnostics:column /Od /Ob0 /D _MBCS /D WIN32 /D _WINDOWS /D CHECK_FUNCTION_EXISTS=pthread_create /D "CMAKE_INTDIR=\"Debug\"" /Gm- /RTC1 /MDd /GS /fp:precise /Zc:wchar_t /Zc:forScope /Zc:inline /Fo"cmTC_aaf2e.dir\Debug\\" /Fd"cmTC_aaf2e.dir\Debug\vc143.pdb" /external:W3 /Gd /TC /errorReport:queue "C:\Users\fsps6\OneDrive - csie.ntu.edu.tw\Sync\Visual C++ Code\CSRT\build\CMakeFiles\CMakeScratch\TryCompile-vfl1hz\CheckFunctionExists.c"
LINK : fatal error LNK1104: cannot open file 'pthreads.lib' [C:\Users\fsps6\OneDrive - csie.ntu.edu.tw\Sync\Visual C++ Code\CSRT\build\CMakeFiles\CMakeScratch\TryCompile-vfl1hz\cmTC_aaf2e.vcxproj]



Determining if the function pthread_create exists in the pthread failed with the following output:
Change Dir: C:/Users/fsps6/OneDrive - csie.ntu.edu.tw/Sync/Visual C++ Code/CSRT/build/CMakeFiles/CMakeScratch/TryCompile-96fvlt

Run Build Command(s):C:/Program Files/Microsoft Visual Studio/2022/Community/MSBuild/Current/Bin/amd64/MSBuild.exe cmTC_eb1ae.vcxproj /p:Configuration=Debug /p:Platform=x64 /p:VisualStudioVersion=17.0 /v:m && MSBuild version 17.4.0+18d5aef85 for .NET Framework
  Microsoft (R) C/C++ Optimizing Compiler Version 19.34.31933 for x64
  CheckFunctionExists.c
  Copyright (C) Microsoft Corporation.  All rights reserved.
  cl /c /Zi /W3 /WX- /diagnostics:column /Od /Ob0 /D _MBCS /D WIN32 /D _WINDOWS /D CHECK_FUNCTION_EXISTS=pthread_create /D "CMAKE_INTDIR=\"Debug\"" /Gm- /RTC1 /MDd /GS /fp:precise /Zc:wchar_t /Zc:forScope /Zc:inline /Fo"cmTC_eb1ae.dir\Debug\\" /Fd"cmTC_eb1ae.dir\Debug\vc143.pdb" /external:W3 /Gd /TC /errorReport:queue "C:\Users\fsps6\OneDrive - csie.ntu.edu.tw\Sync\Visual C++ Code\CSRT\build\CMakeFiles\CMakeScratch\TryCompile-96fvlt\CheckFunctionExists.c"
LINK : fatal error LNK1104: cannot open file 'pthread.lib' [C:\Users\fsps6\OneDrive - csie.ntu.edu.tw\Sync\Visual C++ Code\CSRT\build\CMakeFiles\CMakeScratch\TryCompile-96fvlt\cmTC_eb1ae.vcxproj]



